<?xml version="1.0" encoding="UTF-8"?>
<!-- Generated by org.testng.reporters.JUnitXMLReporter -->
<testsuite ignored="2" hostname="DESKTOP-HERP98R" failures="0" tests="1" name="Test" time="80.285" errors="0" timestamp="2024-07-11T14:38:11 IST">
  <testcase classname="commonMethods.Testcases" name="TS002_DeficitandSurplusLocationId" time="79.306"/>
  <testcase classname="commonMethods.Testcases" name="TS001_DeficitandSurplusLocationId" time="0.0">
    <ignored/>
  </testcase> <!-- TS001_DeficitandSurplusLocationId -->
  <testcase classname="commonMethods.Testcases" name="TS005_DeficitandSurplusLocationId" time="0.0">
    <ignored/>
  </testcase> <!-- TS005_DeficitandSurplusLocationId -->
</testsuite> <!-- Test -->
