<?xml version="1.0" encoding="UTF-8"?>
<testng-results ignored="2" total="3" passed="1" failed="0" skipped="0">
  <reporter-output>
    <line>
      <![CDATA[STEP1]]>
    </line>
    <line>
      <![CDATA[STEP2]]>
    </line>
  </reporter-output>
  <suite started-at="2024-07-11T14:36:51 IST" name="Suite" finished-at="2024-07-11T14:38:11 IST" duration-ms="80285">
    <groups>
    </groups>
    <test started-at="2024-07-11T14:36:51 IST" name="Test" finished-at="2024-07-11T14:38:11 IST" duration-ms="80285">
      <class name="commonMethods.Testcases">
        <test-method is-config="true" signature="Extentreport()[pri:0, instance:commonMethods.Testcases@726aa968]" started-at="2024-07-11T14:36:51 IST" name="Extentreport" finished-at="2024-07-11T14:36:51 IST" duration-ms="495" status="PASS">
          <reporter-output>
          </reporter-output>
        </test-method> <!-- Extentreport -->
        <test-method is-config="true" signature="getDataFromConfig()[pri:0, instance:commonMethods.Testcases@726aa968]" started-at="2024-07-11T14:36:51 IST" name="getDataFromConfig" finished-at="2024-07-11T14:36:51 IST" duration-ms="52" status="PASS">
          <reporter-output>
          </reporter-output>
        </test-method> <!-- getDataFromConfig -->
        <test-method signature="TS002_DeficitandSurplusLocationId()[pri:0, instance:commonMethods.Testcases@726aa968]" started-at="2024-07-11T14:36:51 IST" name="TS002_DeficitandSurplusLocationId" finished-at="2024-07-11T14:38:10 IST" duration-ms="79306" status="PASS">
          <reporter-output>
            <line>
              <![CDATA[STEP1]]>
            </line>
            <line>
              <![CDATA[STEP2]]>
            </line>
          </reporter-output>
        </test-method> <!-- TS002_DeficitandSurplusLocationId -->
        <test-method is-config="true" signature="aftertest()[pri:0, instance:commonMethods.Testcases@726aa968]" started-at="2024-07-11T14:38:10 IST" name="aftertest" finished-at="2024-07-11T14:38:11 IST" duration-ms="401" status="PASS">
          <reporter-output>
          </reporter-output>
        </test-method> <!-- aftertest -->
      </class> <!-- commonMethods.Testcases -->
    </test> <!-- Test -->
  </suite> <!-- Suite -->
</testng-results>
