<?xml version="1.0" encoding="UTF-8"?>
<!-- Generated by org.testng.reporters.JUnitXMLReporter -->
<testsuite ignored="128" hostname="DESKTOP-HERP98R" failures="0" tests="1" name="Test" time="307.923" errors="0" timestamp="2024-11-27T16:57:02 IST">
  <testcase classname="commonMethods.Testcases" name="TS002toTS004_DeficitandSurplusLocationId_TC15to41" time="307.701"/>
  <testcase classname="commonMethods.Testcases" name="ERO_Routing_Scenario31_TC278" time="0.0">
    <ignored/>
  </testcase> <!-- ERO_Routing_Scenario31_TC278 -->
  <testcase classname="commonMethods.Testcases" name="TS002_ERO_Optimizer_WHATIF_TC15to35" time="0.0">
    <ignored/>
  </testcase> <!-- TS002_ERO_Optimizer_WHATIF_TC15to35 -->
  <testcase classname="commonMethods.Testcases" name="TS_003_Tc037toTc040_ERO_Cost_View" time="0.0">
    <ignored/>
  </testcase> <!-- TS_003_Tc037toTc040_ERO_Cost_View -->
  <testcase classname="commonMethods.Testcases" name="TS_004_Tc041toTc042_ERO_Cost_View" time="0.0">
    <ignored/>
  </testcase> <!-- TS_004_Tc041toTc042_ERO_Cost_View -->
  <testcase classname="commonMethods.Testcases" name="TS023toTS029_DeficitandSurplusLocationId_TC401to424" time="0.0">
    <ignored/>
  </testcase> <!-- TS023toTS029_DeficitandSurplusLocationId_TC401to424 -->
  <testcase classname="commonMethods.Testcases" name="TS022_DeficitandSurplusLocationId_TC340to400" time="0.0">
    <ignored/>
  </testcase> <!-- TS022_DeficitandSurplusLocationId_TC340to400 -->
  <testcase classname="commonMethods.Testcases" name="TS_29_TC048ERO_Optimization_ReportGate" time="0.0">
    <ignored/>
  </testcase> <!-- TS_29_TC048ERO_Optimization_ReportGate -->
  <testcase classname="commonMethods.Testcases" name="TS_025_Tc_080_ERO_Mass_Cost_Update" time="0.0">
    <ignored/>
  </testcase> <!-- TS_025_Tc_080_ERO_Mass_Cost_Update -->
  <testcase classname="commonMethods.Testcases" name="TS_007_Tc_061toTc_062_ERO_Mass_Cost_Update" time="0.0">
    <ignored/>
  </testcase> <!-- TS_007_Tc_061toTc_062_ERO_Mass_Cost_Update -->
  <testcase classname="commonMethods.Testcases" name="TS05ERO_Optimizer_WHAT_IF_Scripts_NewTC1To4" time="0.0">
    <ignored/>
  </testcase> <!-- TS05ERO_Optimizer_WHAT_IF_Scripts_NewTC1To4 -->
  <testcase classname="commonMethods.Testcases" name="TS_03_TC013to016_ERO_Optimization_ReportGate" time="0.0">
    <ignored/>
  </testcase> <!-- TS_03_TC013to016_ERO_Optimization_ReportGate -->
  <testcase classname="commonMethods.Testcases" name="ERO_Routing_Scenario23_TC180" time="0.0">
    <ignored/>
  </testcase> <!-- ERO_Routing_Scenario23_TC180 -->
  <testcase classname="commonMethods.Testcases" name="TS18to21MapView75to78" time="0.0">
    <ignored/>
  </testcase> <!-- TS18to21MapView75to78 -->
  <testcase classname="commonMethods.Testcases" name="TS012_ERO_Optimizer_WHATIF_TC213to253" time="0.0">
    <ignored/>
  </testcase> <!-- TS012_ERO_Optimizer_WHATIF_TC213to253 -->
  <testcase classname="commonMethods.Testcases" name="ERO_Routing_Scenario31_TC271_280" time="0.0">
    <ignored/>
  </testcase> <!-- ERO_Routing_Scenario31_TC271_280 -->
  <testcase classname="commonMethods.Testcases" name="ERO_Routing_Scenario30_TC245toTC270" time="0.0">
    <ignored/>
  </testcase> <!-- ERO_Routing_Scenario30_TC245toTC270 -->
  <testcase classname="commonMethods.Testcases" name="TS_002_Tc_016toTc_036_ERO_Mass_Cost_Update" time="0.0">
    <ignored/>
  </testcase> <!-- TS_002_Tc_016toTc_036_ERO_Mass_Cost_Update -->
  <testcase classname="commonMethods.Testcases" name="TS_004_Tc_041toTc_042_ERO_Deviation_report" time="0.0">
    <ignored/>
  </testcase> <!-- TS_004_Tc_041toTc_042_ERO_Deviation_report -->
  <testcase classname="commonMethods.Testcases" name="TS_006_Tc060_ERO_Cost_View" time="0.0">
    <ignored/>
  </testcase> <!-- TS_006_Tc060_ERO_Cost_View -->
  <testcase classname="commonMethods.Testcases" name="ERO_Routing_Scenario02to04_TC015toTC041" time="0.0">
    <ignored/>
  </testcase> <!-- ERO_Routing_Scenario02to04_TC015toTC041 -->
  <testcase classname="commonMethods.Testcases" name="TS011_DeficitandSurplusLocationId_TC70to140" time="0.0">
    <ignored/>
  </testcase> <!-- TS011_DeficitandSurplusLocationId_TC70to140 -->
  <testcase classname="commonMethods.Testcases" name="TS_25_TC041_042ERO_Optimization_ReportGate" time="0.0">
    <ignored/>
  </testcase> <!-- TS_25_TC041_042ERO_Optimization_ReportGate -->
  <testcase classname="commonMethods.Testcases" name="ERO_Routing_Scenario17_TC121toTC131" time="0.0">
    <ignored/>
  </testcase> <!-- ERO_Routing_Scenario17_TC121toTC131 -->
  <testcase classname="commonMethods.Testcases" name="TS_26_TC043_ERO_Optimization_ReportGate" time="0.0">
    <ignored/>
  </testcase> <!-- TS_26_TC043_ERO_Optimization_ReportGate -->
  <testcase classname="commonMethods.Testcases" name="TS_019_Tc_079_ERO_Deviation_report" time="0.0">
    <ignored/>
  </testcase> <!-- TS_019_Tc_079_ERO_Deviation_report -->
  <testcase classname="commonMethods.Testcases" name="TS_15toTS020_ReportGate" time="0.0">
    <ignored/>
  </testcase> <!-- TS_15toTS020_ReportGate -->
  <testcase classname="commonMethods.Testcases" name="TS_028_Tc_083_ERO_Mass_Cost_Update" time="0.0">
    <ignored/>
  </testcase> <!-- TS_028_Tc_083_ERO_Mass_Cost_Update -->
  <testcase classname="commonMethods.Testcases" name="TS_003_Tc_037toTc_040_ERO_Mass_Cost_Update" time="0.0">
    <ignored/>
  </testcase> <!-- TS_003_Tc_037toTc_040_ERO_Mass_Cost_Update -->
  <testcase classname="commonMethods.Testcases" name="TS006to10_ERO_Optimizer_WHATIF_TC59to69" time="0.0">
    <ignored/>
  </testcase> <!-- TS006to10_ERO_Optimizer_WHATIF_TC59to69 -->
  <testcase classname="commonMethods.Testcases" name="TS_012_Tc_072_ERO_Deviation_report" time="0.0">
    <ignored/>
  </testcase> <!-- TS_012_Tc_072_ERO_Deviation_report -->
  <testcase classname="commonMethods.Testcases" name="TS015_DeficitandSurplusLocationId_TC289o305" time="0.0">
    <ignored/>
  </testcase> <!-- TS015_DeficitandSurplusLocationId_TC289o305 -->
  <testcase classname="commonMethods.Testcases" name="TS016_to_TS019_DeficitandSurplusLocationId_TC306to328" time="0.0">
    <ignored/>
  </testcase> <!-- TS016_to_TS019_DeficitandSurplusLocationId_TC306to328 -->
  <testcase classname="commonMethods.Testcases" name="TS11to12MapView68to69" time="0.0">
    <ignored/>
  </testcase> <!-- TS11to12MapView68to69 -->
  <testcase classname="commonMethods.Testcases" name="ERO_Routing_Scenario27_TC221toTC236" time="0.0">
    <ignored/>
  </testcase> <!-- ERO_Routing_Scenario27_TC221toTC236 -->
  <testcase classname="commonMethods.Testcases" name="ERO_Routing_Scenario13_TC111toTC112" time="0.0">
    <ignored/>
  </testcase> <!-- ERO_Routing_Scenario13_TC111toTC112 -->
  <testcase classname="commonMethods.Testcases" name="TS_022_Tc_082_ERO_Deviation_report" time="0.0">
    <ignored/>
  </testcase> <!-- TS_022_Tc_082_ERO_Deviation_report -->
  <testcase classname="commonMethods.Testcases" name="TS019_ERO_Optimizer_WHATIF_TC326to328" time="0.0">
    <ignored/>
  </testcase> <!-- TS019_ERO_Optimizer_WHATIF_TC326to328 -->
  <testcase classname="commonMethods.Testcases" name="TS_009_Tc_067_ERO_Mass_Cost_Update" time="0.0">
    <ignored/>
  </testcase> <!-- TS_009_Tc_067_ERO_Mass_Cost_Update -->
  <testcase classname="commonMethods.Testcases" name="TS020_TS021_DeficitandSurplusLocationId_TC329to339" time="0.0">
    <ignored/>
  </testcase> <!-- TS020_TS021_DeficitandSurplusLocationId_TC329to339 -->
  <testcase classname="commonMethods.Testcases" name="TS_019_Tc_079_ERO_Mass_Cost_Update" time="0.0">
    <ignored/>
  </testcase> <!-- TS_019_Tc_079_ERO_Mass_Cost_Update -->
  <testcase classname="commonMethods.Testcases" name="TS_31_TC052_ERO_Optimization_ReportGate" time="0.0">
    <ignored/>
  </testcase> <!-- TS_31_TC052_ERO_Optimization_ReportGate -->
  <testcase classname="commonMethods.Testcases" name="ERO_Routing_Scenario12_TC074toTC110" time="0.0">
    <ignored/>
  </testcase> <!-- ERO_Routing_Scenario12_TC074toTC110 -->
  <testcase classname="commonMethods.Testcases" name="TS_07_TC021_ERO_Optimization_ReportGate" time="0.0">
    <ignored/>
  </testcase> <!-- TS_07_TC021_ERO_Optimization_ReportGate -->
  <testcase classname="commonMethods.Testcases" name="TS_016_Tc_076_ERO_Deviation_report" time="0.0">
    <ignored/>
  </testcase> <!-- TS_016_Tc_076_ERO_Deviation_report -->
  <testcase classname="commonMethods.Testcases" name="ERO_Routing_Scenario28_TC237toTC243" time="0.0">
    <ignored/>
  </testcase> <!-- ERO_Routing_Scenario28_TC237toTC243 -->
  <testcase classname="commonMethods.Testcases" name="TS_001_Tc_001toTc_015_ERO_Mass_Cost_Update" time="0.0">
    <ignored/>
  </testcase> <!-- TS_001_Tc_001toTc_015_ERO_Mass_Cost_Update -->
  <testcase classname="commonMethods.Testcases" name="TS03ERO_Optimizer_WHAT_IF_Scripts_New" time="0.0">
    <ignored/>
  </testcase> <!-- TS03ERO_Optimizer_WHAT_IF_Scripts_New -->
  <testcase classname="commonMethods.Testcases" name="ERO_Routing_Scenario19_TC134toTC147" time="0.0">
    <ignored/>
  </testcase> <!-- ERO_Routing_Scenario19_TC134toTC147 -->
  <testcase classname="commonMethods.Testcases" name="TS_005_Tc043toTc059_ERO_Cost_View" time="0.0">
    <ignored/>
  </testcase> <!-- TS_005_Tc043toTc059_ERO_Cost_View -->
  <testcase classname="commonMethods.Testcases" name="ERO_Routing_Scenario33_TC286_328" time="0.0">
    <ignored/>
  </testcase> <!-- ERO_Routing_Scenario33_TC286_328 -->
  <testcase classname="commonMethods.Testcases" name="TS_021_Tc_081_ERO_Deviation_report" time="0.0">
    <ignored/>
  </testcase> <!-- TS_021_Tc_081_ERO_Deviation_report -->
  <testcase classname="commonMethods.Testcases" name="ERO_Routing_Scenario20_TC148toTC154" time="0.0">
    <ignored/>
  </testcase> <!-- ERO_Routing_Scenario20_TC148toTC154 -->
  <testcase classname="commonMethods.Testcases" name="TS_007_Tc061toTc62_ERO_Cost_View" time="0.0">
    <ignored/>
  </testcase> <!-- TS_007_Tc061toTc62_ERO_Cost_View -->
  <testcase classname="commonMethods.Testcases" name="TS_011_Tc_071_ERO_Deviation_report" time="0.0">
    <ignored/>
  </testcase> <!-- TS_011_Tc_071_ERO_Deviation_report -->
  <testcase classname="commonMethods.Testcases" name="TS_027_Tc_082_ERO_Mass_Cost_Update" time="0.0">
    <ignored/>
  </testcase> <!-- TS_027_Tc_082_ERO_Mass_Cost_Update -->
  <testcase classname="commonMethods.Testcases" name="TS_001_Tc_001toTc_015_ERO_Deviation_report" time="0.0">
    <ignored/>
  </testcase> <!-- TS_001_Tc_001toTc_015_ERO_Deviation_report -->
  <testcase classname="commonMethods.Testcases" name="TS_008_Tc_063toTc_066_ERO_Mass_Cost_Update" time="0.0">
    <ignored/>
  </testcase> <!-- TS_008_Tc_063toTc_066_ERO_Mass_Cost_Update -->
  <testcase classname="commonMethods.Testcases" name="TS_05_TC019_ERO_Optimization_ReportGate" time="0.0">
    <ignored/>
  </testcase> <!-- TS_05_TC019_ERO_Optimization_ReportGate -->
  <testcase classname="commonMethods.Testcases" name="TS_01_TC01to03_ERO_Optimization_ReportGate" time="0.0">
    <ignored/>
  </testcase> <!-- TS_01_TC01to03_ERO_Optimization_ReportGate -->
  <testcase classname="commonMethods.Testcases" name="TS_023_Tc_083_ERO_Deviation_report" time="0.0">
    <ignored/>
  </testcase> <!-- TS_023_Tc_083_ERO_Deviation_report -->
  <testcase classname="commonMethods.Testcases" name="TS08To11ERO_Optimizer_WHAT_IF_Scripts_NewTC1To11" time="0.0">
    <ignored/>
  </testcase> <!-- TS08To11ERO_Optimizer_WHAT_IF_Scripts_NewTC1To11 -->
  <testcase classname="commonMethods.Testcases" name="ERO_Routing_Scenario12_2_TC091toTC110" time="0.0">
    <ignored/>
  </testcase> <!-- ERO_Routing_Scenario12_2_TC091toTC110 -->
  <testcase classname="commonMethods.Testcases" name="TS_013_Tc_073_ERO_Deviation_report" time="0.0">
    <ignored/>
  </testcase> <!-- TS_013_Tc_073_ERO_Deviation_report -->
  <testcase classname="commonMethods.Testcases" name="TS011_ERO_Optimizer_WHATIF_TC70to212" time="0.0">
    <ignored/>
  </testcase> <!-- TS011_ERO_Optimizer_WHATIF_TC70to212 -->
  <testcase classname="commonMethods.Testcases" name="TS_004_Tc_041toTc042_ERO_Mass_Cost_Update" time="0.0">
    <ignored/>
  </testcase> <!-- TS_004_Tc_041toTc042_ERO_Mass_Cost_Update -->
  <testcase classname="commonMethods.Testcases" name="TS_001_Tc001toTc015_ERO_Cost_View" time="0.0">
    <ignored/>
  </testcase> <!-- TS_001_Tc001toTc015_ERO_Cost_View -->
  <testcase classname="commonMethods.Testcases" name="TS014_DeficitandSurplusLocationId_TC263to288" time="0.0">
    <ignored/>
  </testcase> <!-- TS014_DeficitandSurplusLocationId_TC263to288 -->
  <testcase classname="commonMethods.Testcases" name="TS001_DeficitandSurplusLocationId_TC01to14" time="0.0">
    <ignored/>
  </testcase> <!-- TS001_DeficitandSurplusLocationId_TC01to14 -->
  <testcase classname="commonMethods.Testcases" name="ERO_Routing_Scenario32_TC281" time="0.0">
    <ignored/>
  </testcase> <!-- ERO_Routing_Scenario32_TC281 -->
  <testcase classname="commonMethods.Testcases" name="TS_003_Tc_037toTc_040_ERO_Deviation_report" time="0.0">
    <ignored/>
  </testcase> <!-- TS_003_Tc_037toTc_040_ERO_Deviation_report -->
  <testcase classname="commonMethods.Testcases" name="TS_014_Tc_074_ERO_Mass_Cost_Update" time="0.0">
    <ignored/>
  </testcase> <!-- TS_014_Tc_074_ERO_Mass_Cost_Update -->
  <testcase classname="commonMethods.Testcases" name="TS_024_Tc_084_ERO_Deviation_report" time="0.0">
    <ignored/>
  </testcase> <!-- TS_024_Tc_084_ERO_Deviation_report -->
  <testcase classname="commonMethods.Testcases" name="TS1_002_Tc_016toTc_036_ERO_Mass_Cost_Update" time="0.0">
    <ignored/>
  </testcase> <!-- TS1_002_Tc_016toTc_036_ERO_Mass_Cost_Update -->
  <testcase classname="commonMethods.Testcases" name="ERO_Routing_Scenario25_TC186toTC200" time="0.0">
    <ignored/>
  </testcase> <!-- ERO_Routing_Scenario25_TC186toTC200 -->
  <testcase classname="commonMethods.Testcases" name="ERO_Routing_Scenario05to07_TC042toTC061" time="0.0">
    <ignored/>
  </testcase> <!-- ERO_Routing_Scenario05to07_TC042toTC061 -->
  <testcase classname="commonMethods.Testcases" name="TS001_ERO_Optimizer_WHATIF_TC01to14" time="0.0">
    <ignored/>
  </testcase> <!-- TS001_ERO_Optimizer_WHATIF_TC01to14 -->
  <testcase classname="commonMethods.Testcases" name="TS02Map_View_TC0015to35" time="0.0">
    <ignored/>
  </testcase> <!-- TS02Map_View_TC0015to35 -->
  <testcase classname="commonMethods.Testcases" name="TS_02_TC04to12_ERO_Optimization_ReportGate" time="0.0">
    <ignored/>
  </testcase> <!-- TS_02_TC04to12_ERO_Optimization_ReportGate -->
  <testcase classname="commonMethods.Testcases" name="TS_28_TC047ERO_Optimization_ReportGate" time="0.0">
    <ignored/>
  </testcase> <!-- TS_28_TC047ERO_Optimization_ReportGate -->
  <testcase classname="commonMethods.Testcases" name="TS_002_Tc016toTc036_ERO_Cost_View" time="0.0">
    <ignored/>
  </testcase> <!-- TS_002_Tc016toTc036_ERO_Cost_View -->
  <testcase classname="commonMethods.Testcases" name="TS_07toTS14_ReportGate" time="0.0">
    <ignored/>
  </testcase> <!-- TS_07toTS14_ReportGate -->
  <testcase classname="commonMethods.Testcases" name="TS07ERO_Optimizer_WHAT_IF_Scripts_NewTC1To7" time="0.0">
    <ignored/>
  </testcase> <!-- TS07ERO_Optimizer_WHAT_IF_Scripts_NewTC1To7 -->
  <testcase classname="commonMethods.Testcases" name="TS005_ERO_Optimizer_WHATIF_TC42to58" time="0.0">
    <ignored/>
  </testcase> <!-- TS005_ERO_Optimizer_WHATIF_TC42to58 -->
  <testcase classname="commonMethods.Testcases" name="TS_008_Tc063toTc66_ERO_Cost_View" time="0.0">
    <ignored/>
  </testcase> <!-- TS_008_Tc063toTc66_ERO_Cost_View -->
  <testcase classname="commonMethods.Testcases" name="TS_24_TC040_ERO_Optimization_ReportGate" time="0.0">
    <ignored/>
  </testcase> <!-- TS_24_TC040_ERO_Optimization_ReportGate -->
  <testcase classname="commonMethods.Testcases" name="TS03_2ERO_Optimizer_WHAT_IF_Scripts_NewTC15TO39" time="0.0">
    <ignored/>
  </testcase> <!-- TS03_2ERO_Optimizer_WHAT_IF_Scripts_NewTC15TO39 -->
  <testcase classname="commonMethods.Testcases" name="TS_27_TC044to046_ERO_Optimization_ReportGate" time="0.0">
    <ignored/>
  </testcase> <!-- TS_27_TC044to046_ERO_Optimization_ReportGate -->
  <testcase classname="commonMethods.Testcases" name="ERO_Routing_Scenario08to11_TC062toTC073" time="0.0">
    <ignored/>
  </testcase> <!-- ERO_Routing_Scenario08to11_TC062toTC073 -->
  <testcase classname="commonMethods.Testcases" name="TS005_DeficitandSurplusLocationId_TC_42toTC_58" time="0.0">
    <ignored/>
  </testcase> <!-- TS005_DeficitandSurplusLocationId_TC_42toTC_58 -->
  <testcase classname="commonMethods.Testcases" name="TS_008_Tc_063toTc_066_ERO_Deviation_report" time="0.0">
    <ignored/>
  </testcase> <!-- TS_008_Tc_063toTc_066_ERO_Deviation_report -->
  <testcase classname="commonMethods.Testcases" name="TS_005_Tc_043toTc_059_ERO_Deviation_report" time="0.0">
    <ignored/>
  </testcase> <!-- TS_005_Tc_043toTc_059_ERO_Deviation_report -->
  <testcase classname="commonMethods.Testcases" name="TS011_DeficitandSurplusLocationId_TC141to212" time="0.0">
    <ignored/>
  </testcase> <!-- TS011_DeficitandSurplusLocationId_TC141to212 -->
  <testcase classname="commonMethods.Testcases" name="TS_010_Tc_069toTc70_ERO_Mass_Cost_Update" time="0.0">
    <ignored/>
  </testcase> <!-- TS_010_Tc_069toTc70_ERO_Mass_Cost_Update -->
  <testcase classname="commonMethods.Testcases" name="TS_026_Tc_081_ERO_Mass_Cost_Update" time="0.0">
    <ignored/>
  </testcase> <!-- TS_026_Tc_081_ERO_Mass_Cost_Update -->
  <testcase classname="commonMethods.Testcases" name="TS_020_Tc_080_ERO_Deviation_report" time="0.0">
    <ignored/>
  </testcase> <!-- TS_020_Tc_080_ERO_Deviation_report -->
  <testcase classname="commonMethods.Testcases" name="TS_33_TC054_ERO_Optimization_ReportGate" time="0.0">
    <ignored/>
  </testcase> <!-- TS_33_TC054_ERO_Optimization_ReportGate -->
  <testcase classname="commonMethods.Testcases" name="TS_010_Tc_069to70_ERO_Deviation_report" time="0.0">
    <ignored/>
  </testcase> <!-- TS_010_Tc_069to70_ERO_Deviation_report -->
  <testcase classname="commonMethods.Testcases" name="ERO_Routing_Scenario21_TC155toTC173" time="0.0">
    <ignored/>
  </testcase> <!-- ERO_Routing_Scenario21_TC155toTC173 -->
  <testcase classname="commonMethods.Testcases" name="TS30_DeficitandSurplusLocationId" time="0.0">
    <ignored/>
  </testcase> <!-- TS30_DeficitandSurplusLocationId -->
  <testcase classname="commonMethods.Testcases" name="TS04ERO_Optimizer_WHAT_IF_Scripts_NewTC4To16" time="0.0">
    <ignored/>
  </testcase> <!-- TS04ERO_Optimizer_WHAT_IF_Scripts_NewTC4To16 -->
  <testcase classname="commonMethods.Testcases" name="TS_009_Tc067toTc68_ERO_Cost_View" time="0.0">
    <ignored/>
  </testcase> <!-- TS_009_Tc067toTc68_ERO_Cost_View -->
  <testcase classname="commonMethods.Testcases" name="TS01Map_View_TC001to014" time="0.0">
    <ignored/>
  </testcase> <!-- TS01Map_View_TC001to014 -->
  <testcase classname="commonMethods.Testcases" name="TS05_MapViewTC42to58" time="0.0">
    <ignored/>
  </testcase> <!-- TS05_MapViewTC42to58 -->
  <testcase classname="commonMethods.Testcases" name="TS_006_Tc_060_ERO_Deviation_report" time="0.0">
    <ignored/>
  </testcase> <!-- TS_006_Tc_060_ERO_Deviation_report -->
  <testcase classname="commonMethods.Testcases" name="ERO_Routing_Scenario15_TC114toTC115" time="0.0">
    <ignored/>
  </testcase> <!-- ERO_Routing_Scenario15_TC114toTC115 -->
  <testcase classname="commonMethods.Testcases" name="TS_030_TC049to051_ERO_Optimization_ReportGate" time="0.0">
    <ignored/>
  </testcase> <!-- TS_030_TC049to051_ERO_Optimization_ReportGate -->
  <testcase classname="commonMethods.Testcases" name="TS_011_Tc_071_ERO_Mass_Cost_Update" time="0.0">
    <ignored/>
  </testcase> <!-- TS_011_Tc_071_ERO_Mass_Cost_Update -->
  <testcase classname="commonMethods.Testcases" name="TS_010_Tc069toTc070_ERO_Cost_View" time="0.0">
    <ignored/>
  </testcase> <!-- TS_010_Tc069toTc070_ERO_Cost_View -->
  <testcase classname="commonMethods.Testcases" name="TS012_TS013_DeficitandSurplusLocationId_TC213to262" time="0.0">
    <ignored/>
  </testcase> <!-- TS012_TS013_DeficitandSurplusLocationId_TC213to262 -->
  <testcase classname="commonMethods.Testcases" name="TS_009_Tc_067toTc68_ERO_Deviation_report" time="0.0">
    <ignored/>
  </testcase> <!-- TS_009_Tc_067toTc68_ERO_Deviation_report -->
  <testcase classname="commonMethods.Testcases" name="TS_006_Tc_060_ERO_Mass_Cost_Update" time="0.0">
    <ignored/>
  </testcase> <!-- TS_006_Tc_060_ERO_Mass_Cost_Update -->
  <testcase classname="commonMethods.Testcases" name="TS_32_TC053_ERO_Optimization_ReportGate" time="0.0">
    <ignored/>
  </testcase> <!-- TS_32_TC053_ERO_Optimization_ReportGate -->
  <testcase classname="commonMethods.Testcases" name="TS015_ERO_Optimizer_WHATIF_TC289to305" time="0.0">
    <ignored/>
  </testcase> <!-- TS015_ERO_Optimizer_WHATIF_TC289to305 -->
  <testcase classname="commonMethods.Testcases" name="ERO_Routing_Scenario26_TC201toTC220" time="0.0">
    <ignored/>
  </testcase> <!-- ERO_Routing_Scenario26_TC201toTC220 -->
  <testcase classname="commonMethods.Testcases" name="Tc_001_DeficitandSurplusLocationId" time="0.0">
    <ignored/>
  </testcase> <!-- Tc_001_DeficitandSurplusLocationId -->
  <testcase classname="commonMethods.Testcases" name="TS06to10MapViewTC59to67" time="0.0">
    <ignored/>
  </testcase> <!-- TS06to10MapViewTC59to67 -->
  <testcase classname="commonMethods.Testcases" name="TS01To02ERO_Optimizer_WHAT_IF_Scripts_New" time="0.0">
    <ignored/>
  </testcase> <!-- TS01To02ERO_Optimizer_WHAT_IF_Scripts_New -->
  <testcase classname="commonMethods.Testcases" name="ERO_Routing_Scenario01_TC001toTC014" time="0.0">
    <ignored/>
  </testcase> <!-- ERO_Routing_Scenario01_TC001toTC014 -->
  <testcase classname="commonMethods.Testcases" name="TS006to10_DeficitandSurplusLocationId_TC59to69" time="0.0">
    <ignored/>
  </testcase> <!-- TS006to10_DeficitandSurplusLocationId_TC59to69 -->
  <testcase classname="commonMethods.Testcases" name="TS_011_Tc071_ERO_Cost_View" time="0.0">
    <ignored/>
  </testcase> <!-- TS_011_Tc071_ERO_Cost_View -->
  <testcase classname="commonMethods.Testcases" name="ERO_Routing_Scenario33_TC289_292" time="0.0">
    <ignored/>
  </testcase> <!-- ERO_Routing_Scenario33_TC289_292 -->
  <testcase classname="commonMethods.Testcases" name="TS_012_Tc_072_ERO_Mass_Cost_Update" time="0.0">
    <ignored/>
  </testcase> <!-- TS_012_Tc_072_ERO_Mass_Cost_Update -->
  <testcase classname="commonMethods.Testcases" name="TS_002_Tc_016toTc_036_ERO_Deviation_report" time="0.0">
    <ignored/>
  </testcase> <!-- TS_002_Tc_016toTc_036_ERO_Deviation_report -->
  <testcase classname="commonMethods.Testcases" name="ERO_Routing_Scenario24_TC181toTC185" time="0.0">
    <ignored/>
  </testcase> <!-- ERO_Routing_Scenario24_TC181toTC185 -->
  <testcase classname="commonMethods.Testcases" name="TS_06_TC020_ERO_Optimization_ReportGate" time="0.0">
    <ignored/>
  </testcase> <!-- TS_06_TC020_ERO_Optimization_ReportGate -->
  <testcase classname="commonMethods.Testcases" name="TS_005_Tc_043toTc_059_ERO_Mass_Cost_Update" time="0.0">
    <ignored/>
  </testcase> <!-- TS_005_Tc_043toTc_059_ERO_Mass_Cost_Update -->
  <testcase classname="commonMethods.Testcases" name="ERO_Routing_Scenario33_TC287_288" time="0.0">
    <ignored/>
  </testcase> <!-- ERO_Routing_Scenario33_TC287_288 -->
  <testcase classname="commonMethods.Testcases" name="TS_04_TC017to018_ERO_Optimization_ReportGate" time="0.0">
    <ignored/>
  </testcase> <!-- TS_04_TC017to018_ERO_Optimization_ReportGate -->
</testsuite> <!-- Test -->
