<?xml version="1.0" encoding="UTF-8"?>
<testng-results ignored="128" total="129" passed="1" failed="0" skipped="0">
  <reporter-output>
  </reporter-output>
  <suite started-at="2024-11-27T16:51:54 IST" name="Suite" finished-at="2024-11-27T16:57:02 IST" duration-ms="307923">
    <groups>
    </groups>
    <test started-at="2024-11-27T16:51:54 IST" name="Test" finished-at="2024-11-27T16:57:02 IST" duration-ms="307923">
      <class name="commonMethods.Testcases">
        <test-method is-config="true" signature="Extentreport()[pri:0, instance:commonMethods.Testcases@416a4275]" started-at="2024-11-27T16:51:53 IST" name="Extentreport" finished-at="2024-11-27T16:51:54 IST" duration-ms="327" status="PASS">
          <reporter-output>
          </reporter-output>
        </test-method> <!-- Extentreport -->
        <test-method signature="TS002toTS004_DeficitandSurplusLocationId_TC15to41()[pri:0, instance:commonMethods.Testcases@416a4275]" started-at="2024-11-27T16:51:54 IST" name="TS002toTS004_DeficitandSurplusLocationId_TC15to41" finished-at="2024-11-27T16:57:01 IST" duration-ms="307701" status="PASS">
          <reporter-output>
          </reporter-output>
        </test-method> <!-- TS002toTS004_DeficitandSurplusLocationId_TC15to41 -->
        <test-method is-config="true" signature="aftertest()[pri:0, instance:commonMethods.Testcases@416a4275]" started-at="2024-11-27T16:57:01 IST" name="aftertest" finished-at="2024-11-27T16:57:02 IST" duration-ms="190" status="PASS">
          <reporter-output>
          </reporter-output>
        </test-method> <!-- aftertest -->
      </class> <!-- commonMethods.Testcases -->
    </test> <!-- Test -->
  </suite> <!-- Suite -->
</testng-results>
